# JRE version: Java(TM) SE Runtime Environment (15.0.1+9) (build 15.0.1+9-18)
# Java VM: Java HotSpot(TM) 64-Bit Server VM (15.0.1+9-18, mixed mode, sharing, tiered, compressed oops, g1 gc, windows-amd64)
GC Precious Log:
 CPUs: 8 total, 8 available
 Memory: 8029M
 Large Page Support: Disabled
 NUMA Support: Disabled
 Compressed Oops: Enabled (32-bit)
 Heap Region Size: 1M
 Heap Min Capacity: 8M
 Heap Initial Capacity: 126M
 Heap Max Capacity: 2G
 Pre-touch: Disabled
 Parallel Workers: 8
 Concurrent Workers: 2
 Concurrent Refinement Workers: 8
 Periodic GC: Disabled
Heap:
 garbage-first heap   total 134144K, used 98739K [0x0000000080000000, 0x0000000100000000)
  region size 1024K, 39 young (39936K), 1 survivors (1024K)
 Metaspace       used 68076K, capacity 69141K, committed 69276K, reserved 1110016K
  class space    used 9045K, capacity 9406K, committed 9452K, reserved 1048576K
GC Heap History (20 events):
Event: 12.183 GC heap before
{Heap before GC invocations=23 (full 0):
 garbage-first heap   total 87040K, used 62802K [0x0000000080000000, 0x0000000100000000)
  region size 1024K, 17 young (17408K), 2 survivors (2048K)
 Metaspace       used 57005K, capacity 57897K, committed 58140K, reserved 1099776K
  class space    used 7431K, capacity 7730K, committed 7788K, reserved 1048576K
}
Event: 12.186 GC heap after
{Heap after GC invocations=24 (full 0):
 garbage-first heap   total 87040K, used 50110K [0x0000000080000000, 0x0000000100000000)
  region size 1024K, 3 young (3072K), 3 survivors (3072K)
 Metaspace       used 57005K, capacity 57897K, committed 58140K, reserved 1099776K
  class space    used 7431K, capacity 7730K, committed 7788K, reserved 1048576K
}
Event: 12.278 GC heap before
{Heap before GC invocations=25 (full 0):
 garbage-first heap   total 111616K, used 66494K [0x0000000080000000, 0x0000000100000000)
  region size 1024K, 16 young (16384K), 3 survivors (3072K)
 Metaspace       used 57013K, capacity 57903K, committed 58140K, reserved 1099776K
  class space    used 7431K, capacity 7731K, committed 7788K, reserved 1048576K
}
Event: 12.283 GC heap after
{Heap after GC invocations=26 (full 0):
 garbage-first heap   total 111616K, used 56679K [0x0000000080000000, 0x0000000100000000)
  region size 1024K, 3 young (3072K), 3 survivors (3072K)
 Metaspace       used 57013K, capacity 57903K, committed 58140K, reserved 1099776K
  class space    used 7431K, capacity 7731K, committed 7788K, reserved 1048576K
}
Event: 12.876 GC heap before
{Heap before GC invocations=27 (full 0):
 garbage-first heap   total 111616K, used 90471K [0x0000000080000000, 0x0000000100000000)
  region size 1024K, 34 young (34816K), 3 survivors (3072K)
 Metaspace       used 59690K, capacity 60582K, committed 60828K, reserved 1101824K
  class space    used 7762K, capacity 8060K, committed 8172K, reserved 1048576K
}
Event: 12.881 GC heap after
{Heap after GC invocations=28 (full 0):
 garbage-first heap   total 111616K, used 55790K [0x0000000080000000, 0x0000000100000000)
  region size 1024K, 3 young (3072K), 3 survivors (3072K)
 Metaspace       used 59690K, capacity 60582K, committed 60828K, reserved 1101824K
  class space    used 7762K, capacity 8060K, committed 8172K, reserved 1048576K
}
Event: 13.107 GC heap before
{Heap before GC invocations=28 (full 0):
 garbage-first heap   total 111616K, used 67054K [0x0000000080000000, 0x0000000100000000)
  region size 1024K, 15 young (15360K), 3 survivors (3072K)
 Metaspace       used 60756K, capacity 61580K, committed 61596K, reserved 1103872K
  class space    used 7875K, capacity 8157K, committed 8172K, reserved 1048576K
}
Event: 13.111 GC heap after
{Heap after GC invocations=29 (full 0):
 garbage-first heap   total 111616K, used 56906K [0x0000000080000000, 0x0000000100000000)
  region size 1024K, 4 young (4096K), 4 survivors (4096K)
 Metaspace       used 60756K, capacity 61580K, committed 61596K, reserved 1103872K
  class space    used 7875K, capacity 8157K, committed 8172K, reserved 1048576K
}
Event: 13.893 GC heap before
{Heap before GC invocations=30 (full 0):
 garbage-first heap   total 111616K, used 88650K [0x0000000080000000, 0x0000000100000000)
  region size 1024K, 35 young (35840K), 4 survivors (4096K)
 Metaspace       used 61813K, capacity 62710K, committed 62876K, reserved 1103872K
  class space    used 8032K, capacity 8336K, committed 8428K, reserved 1048576K
}
Event: 13.899 GC heap after
{Heap after GC invocations=31 (full 0):
 garbage-first heap   total 111616K, used 57718K [0x0000000080000000, 0x0000000100000000)
  region size 1024K, 3 young (3072K), 3 survivors (3072K)
 Metaspace       used 61813K, capacity 62710K, committed 62876K, reserved 1103872K
  class space    used 8032K, capacity 8336K, committed 8428K, reserved 1048576K
}
Event: 14.290 GC heap before
{Heap before GC invocations=31 (full 0):
 garbage-first heap   total 111616K, used 90486K [0x0000000080000000, 0x0000000100000000)
  region size 1024K, 35 young (35840K), 3 survivors (3072K)
 Metaspace       used 63627K, capacity 64632K, committed 64924K, reserved 1105920K
  class space    used 8274K, capacity 8594K, committed 8684K, reserved 1048576K
}
Event: 15.300 GC heap after
{Heap after GC invocations=32 (full 0):
 garbage-first heap   total 134144K, used 60342K [0x0000000080000000, 0x0000000100000000)
  region size 1024K, 5 young (5120K), 5 survivors (5120K)
 Metaspace       used 63627K, capacity 64632K, committed 64924K, reserved 1105920K
  class space    used 8274K, capacity 8594K, committed 8684K, reserved 1048576K
}
Event: 15.383 GC heap before
{Heap before GC invocations=32 (full 0):
 garbage-first heap   total 134144K, used 60342K [0x0000000080000000, 0x0000000100000000)
  region size 1024K, 6 young (6144K), 5 survivors (5120K)
 Metaspace       used 63744K, capacity 64728K, committed 64924K, reserved 1105920K
  class space    used 8290K, capacity 8626K, committed 8684K, reserved 1048576K
}
Event: 15.390 GC heap after
{Heap after GC invocations=33 (full 0):
 garbage-first heap   total 134144K, used 60804K [0x0000000080000000, 0x0000000100000000)
  region size 1024K, 1 young (1024K), 1 survivors (1024K)
 Metaspace       used 63744K, capacity 64728K, committed 64924K, reserved 1105920K
  class space    used 8290K, capacity 8626K, committed 8684K, reserved 1048576K
}
Event: 15.576 GC heap before
{Heap before GC invocations=34 (full 0):
 garbage-first heap   total 134144K, used 65924K [0x0000000080000000, 0x0000000100000000)
  region size 1024K, 6 young (6144K), 1 survivors (1024K)
 Metaspace       used 64451K, capacity 65432K, committed 65564K, reserved 1105920K
  class space    used 8431K, capacity 8754K, committed 8812K, reserved 1048576K
}
Event: 15.578 GC heap after
{Heap after GC invocations=35 (full 0):
 garbage-first heap   total 134144K, used 60508K [0x0000000080000000, 0x0000000100000000)
  region size 1024K, 1 young (1024K), 1 survivors (1024K)
 Metaspace       used 64451K, capacity 65432K, committed 65564K, reserved 1105920K
  class space    used 8431K, capacity 8754K, committed 8812K, reserved 1048576K
}
Event: 15.659 GC heap before
{Heap before GC invocations=35 (full 0):
 garbage-first heap   total 134144K, used 65628K [0x0000000080000000, 0x0000000100000000)
  region size 1024K, 6 young (6144K), 1 survivors (1024K)
 Metaspace       used 65168K, capacity 66232K, committed 66460K, reserved 1107968K
  class space    used 8566K, capacity 8914K, committed 8940K, reserved 1048576K
}
Event: 15.661 GC heap after
{Heap after GC invocations=36 (full 0):
 garbage-first heap   total 134144K, used 60639K [0x0000000080000000, 0x0000000100000000)
  region size 1024K, 1 young (1024K), 1 survivors (1024K)
 Metaspace       used 65168K, capacity 66232K, committed 66460K, reserved 1107968K
  class space    used 8566K, capacity 8914K, committed 8940K, reserved 1048576K
}
Event: 15.747 GC heap before
{Heap before GC invocations=37 (full 0):
 garbage-first heap   total 134144K, used 65759K [0x0000000080000000, 0x0000000100000000)
  region size 1024K, 6 young (6144K), 1 survivors (1024K)
 Metaspace       used 65908K, capacity 66904K, committed 67228K, reserved 1107968K
  class space    used 8735K, capacity 9074K, committed 9196K, reserved 1048576K
}
Event: 15.749 GC heap after
{Heap after GC invocations=38 (full 0):
 garbage-first heap   total 134144K, used 60851K [0x0000000080000000, 0x0000000100000000)
  region size 1024K, 1 young (1024K), 1 survivors (1024K)
 Metaspace       used 65908K, capacity 66904K, committed 67228K, reserved 1107968K
  class space    used 8735K, capacity 9074K, committed 9196K, reserved 1048576K
}

